[1m============================= test session starts ==============================[0m
platform linux -- Python 3.11.13, pytest-8.4.2, pluggy-1.6.0 -- /home/juan/.pyenv/versions/3.11.13/bin/python
cachedir: .pytest_cache
rootdir: /home/juan/vertice-dev/backend/services/maximus_core_service
configfile: pytest.ini
plugins: cov-7.0.0, asyncio-1.2.0, anyio-3.7.1, httpx-0.35.0
asyncio: mode=Mode.STRICT, debug=False, asyncio_default_fixture_loop_scope=None, asyncio_default_test_loop_scope=function
[1mcollecting ... [0mcollected 123 items / 1 error

==================================== ERRORS ====================================
[31m[1m__________________ ERROR collecting fairness/test_fairness.py __________________[0m
[31mImportError while importing test module '/home/juan/vertice-dev/backend/services/maximus_core_service/fairness/test_fairness.py'.
Hint: make sure your test modules/packages have valid Python names.
Traceback:
/home/juan/.pyenv/versions/3.11.13/lib/python3.11/site-packages/_pytest/python.py:498: in importtestmodule
    mod = import_path(
/home/juan/.pyenv/versions/3.11.13/lib/python3.11/site-packages/_pytest/pathlib.py:587: in import_path
    importlib.import_module(module_name)
/home/juan/.pyenv/versions/3.11.13/lib/python3.11/importlib/__init__.py:126: in import_module
    return _bootstrap._gcd_import(name[level:], package, level)
           ^^^^^^^^^^^^^^^^^^^^^^^^^^^^^^^^^^^^^^^^^^^^^^^^^^^^
<frozen importlib._bootstrap>:1204: in _gcd_import
    ???
<frozen importlib._bootstrap>:1176: in _find_and_load
    ???
<frozen importlib._bootstrap>:1147: in _find_and_load_unlocked
    ???
<frozen importlib._bootstrap>:690: in _load_unlocked
    ???
/home/juan/.pyenv/versions/3.11.13/lib/python3.11/site-packages/_pytest/assertion/rewrite.py:186: in exec_module
    exec(co, module.__dict__)
fairness/test_fairness.py:20: in <module>
    from base import (
E   ModuleNotFoundError: No module named 'base'[0m
[36m[1m=========================== short test summary info ============================[0m
[31mERROR[0m fairness/test_fairness.py
!!!!!!!!!!!!!!!!!!!! Interrupted: 1 error during collection !!!!!!!!!!!!!!!!!!!!
[31m=============================== [31m[1m1 error[0m[31m in 2.26s[0m[31m ===============================[0m
